<?xml version="1.0" encoding="UTF-8"?>
<!-- Generated by org.testng.reporters.JUnitXMLReporter -->
<testsuite ignored="0" hostname="LAPTOP-EP45PUVI" failures="0" tests="1" name="Default test" time="0.133" errors="0" timestamp="2021-11-28T15:29:02 IST">
  <testcase classname="test.pacakage.test" name="@BeforeTest LaunchBrowse" time="-1.638093541885E9">
    <failure type="org.testng.TestNGException" message="
Parameter &amp;apos;browser&amp;apos; is required by BeforeTest on method LaunchBrowse but has not been marked @Optional or defined
in C:\Users\Sandip Bedis\AppData\Local\Temp\testng-eclipse--1731896482\testng-customsuite.xml">
      <![CDATA[org.testng.TestNGException: 
Parameter 'browser' is required by BeforeTest on method LaunchBrowse but has not been marked @Optional or defined
in C:\Users\Sandip Bedis\AppData\Local\Temp\testng-eclipse--1731896482\testng-customsuite.xml
at org.testng.internal.Parameters.createParams(Parameters.java:270)
at org.testng.internal.Parameters.createParametersForMethod(Parameters.java:358)
at org.testng.internal.Parameters.createParameters(Parameters.java:700)
at org.testng.internal.Parameters.createConfigurationParameters(Parameters.java:168)
at org.testng.internal.ConfigInvoker.invokeConfigurations(ConfigInvoker.java:302)
at org.testng.TestRunner.invokeTestConfigurations(TestRunner.java:637)
at org.testng.TestRunner.beforeRun(TestRunner.java:627)
at org.testng.TestRunner.run(TestRunner.java:589)
at org.testng.SuiteRunner.runTest(SuiteRunner.java:377)
at org.testng.SuiteRunner.runSequentially(SuiteRunner.java:371)
at org.testng.SuiteRunner.privateRun(SuiteRunner.java:332)
at org.testng.SuiteRunner.run(SuiteRunner.java:276)
at org.testng.SuiteRunnerWorker.runSuite(SuiteRunnerWorker.java:53)
at org.testng.SuiteRunnerWorker.run(SuiteRunnerWorker.java:96)
at org.testng.TestNG.runSuitesSequentially(TestNG.java:1212)
at org.testng.TestNG.runSuitesLocally(TestNG.java:1134)
at org.testng.TestNG.runSuites(TestNG.java:1063)
at org.testng.TestNG.run(TestNG.java:1031)
at org.testng.remote.AbstractRemoteTestNG.run(AbstractRemoteTestNG.java:115)
at org.testng.remote.RemoteTestNG.initAndRun(RemoteTestNG.java:251)
at org.testng.remote.RemoteTestNG.main(RemoteTestNG.java:77)
]]>
    </failure>
  </testcase> <!-- @BeforeTest LaunchBrowse -->
  <testcase classname="test.pacakage.test" name="@BeforeClass openGrowAppHomePage" time="-1.638093541936E9">
    <skipped/>
  </testcase> <!-- @BeforeClass openGrowAppHomePage -->
  <testcase classname="test.pacakage.test" name="@BeforeMethod ObjectCreation" time="-1.638093541965E9">
    <skipped/>
  </testcase> <!-- @BeforeMethod ObjectCreation -->
  <testcase classname="test.pacakage.test" name="@AfterMethod CleanObject" time="-1.638093541983E9">
    <skipped/>
  </testcase> <!-- @AfterMethod CleanObject -->
  <testcase classname="test.pacakage.test" name="@AfterClass closeApp" time="-1.638093541996E9">
    <skipped/>
  </testcase> <!-- @AfterClass closeApp -->
  <testcase classname="test.pacakage.test" name="@AfterTest closeBrowser" time="-1.638093542004E9">
    <skipped/>
  </testcase> <!-- @AfterTest closeBrowser -->
  <testcase classname="test.pacakage.test" name="verifyLogin" time="0.0">
    <skipped/>
  </testcase> <!-- verifyLogin -->
</testsuite> <!-- Default test -->
